<?xml version="1.0" encoding="UTF-8"?>
<testsuite name="com.me.springsecurity.JwtSecretMakerTest" tests="1" skipped="0" failures="0" errors="0" timestamp="2024-10-09T10:25:19" hostname="TINA" time="0.034">
  <properties/>
  <testcase name="generateSecretKey()" classname="com.me.springsecurity.JwtSecretMakerTest" time="0.034"/>
  <system-out><![CDATA[202EEFA9C5F5C565801E21D33D4C2D91F37125322D93B673422767AEDD8C0FE0D145F6D0197A15BA7DC3534ED018999A8FBF1C1AE1F4BC8395FA2F659BDDDCEE]]></system-out>
  <system-err><![CDATA[]]></system-err>
</testsuite>
